[live.themewild.com/logisto/index.html]
[backblue.gif]
[fade.gif]
[index.html]
[live.themewild.com/logisto/assets/img/logo/favicon.png]
[live.themewild.com/logisto/assets/css/bootstrap.min.css]
[live.themewild.com/logisto/assets/css/all-fontawesome.min.css]
[live.themewild.com/logisto/assets/css/animate.min.css]
[live.themewild.com/logisto/assets/css/magnific-popup.min.css]
[live.themewild.com/logisto/assets/css/owl.carousel.min.css]
[live.themewild.com/logisto/assets/css/nice-select.min.css]
[live.themewild.com/logisto/login.html]
[live.themewild.com/logisto/assets/img/logo/logo.png]
[live.themewild.com/logisto/index-2.html]
[live.themewild.com/logisto/about.html]
[live.themewild.com/logisto/index-3.html]
[live.themewild.com/logisto/service.html]
[live.themewild.com/logisto/service-2.html]
[live.themewild.com/logisto/team.html]
[live.themewild.com/logisto/service-single.html]
[live.themewild.com/logisto/pricing.html]
[live.themewild.com/logisto/register.html]
[live.themewild.com/logisto/forgot-password.html]
[live.themewild.com/logisto/coming-soon.html]
[live.themewild.com/logisto/terms.html]
[live.themewild.com/logisto/privacy.html]
[live.themewild.com/logisto/gallery.html]
[live.themewild.com/logisto/contact.html]
[live.themewild.com/logisto/faq.html]
[live.themewild.com/logisto/testimonial.html]
[live.themewild.com/logisto/404.html]
[live.themewild.com/logisto/portfolio.html]
[live.themewild.com/logisto/portfolio-2.html]
[live.themewild.com/logisto/portfolio-single.html]
[live.themewild.com/logisto/blog.html]
[live.themewild.com/logisto/blog-single.html]
[live.themewild.com/logisto/assets/img/hero/slider-1.jpg]
[live.themewild.com/logisto/assets/img/hero/slider-2.jpg]
[live.themewild.com/logisto/assets/img/hero/slider-3.jpg]
[live.themewild.com/logisto/assets/img/icon/delivery.svg]
[live.themewild.com/logisto/assets/img/icon/money.svg]
[live.themewild.com/logisto/assets/img/icon/warehouse.svg]
[live.themewild.com/logisto/assets/img/about/01.jpg]
[live.themewild.com/logisto/assets/img/about/02.jpg]
[live.themewild.com/logisto/assets/img/about/03.jpg]
[live.themewild.com/logisto/assets/img/icon/team.svg]
[live.themewild.com/logisto/assets/img/icon/support.svg]
[live.themewild.com/logisto/assets/img/icon/air.svg]
[live.themewild.com/logisto/assets/img/icon/ocean.svg]
[live.themewild.com/logisto/assets/img/icon/road.svg]
[live.themewild.com/logisto/assets/img/icon/package.svg]
[live.themewild.com/logisto/assets/img/icon/shipping.svg]
[live.themewild.com/logisto/assets/img/icon/supply.svg]
[live.themewild.com/logisto/assets/img/icon/commercial.svg]
[live.themewild.com/logisto/assets/img/icon/pickup.svg]
[live.themewild.com/logisto/assets/img/icon/warehouse-2.svg]
[live.themewild.com/logisto/assets/img/icon/transportation.svg]
[live.themewild.com/logisto/assets/img/skill/01.jpg]
[live.themewild.com/logisto/assets/img/portfolio/bg.jpg]
[live.themewild.com/logisto/assets/img/portfolio/01.jpg]
[live.themewild.com/logisto/assets/img/portfolio/02.jpg]
[live.themewild.com/logisto/assets/img/portfolio/03.jpg]
[live.themewild.com/logisto/assets/img/portfolio/04.jpg]
[live.themewild.com/logisto/assets/img/portfolio/05.jpg]
[live.themewild.com/logisto/assets/img/icon/rating.svg]
[live.themewild.com/logisto/assets/img/icon/staff.svg]
[live.themewild.com/logisto/assets/img/icon/award.svg]
[live.themewild.com/logisto/assets/img/team/01.jpg]
[live.themewild.com/logisto/assets/img/team/02.jpg]
[live.themewild.com/logisto/assets/img/team/03.jpg]
[live.themewild.com/logisto/assets/img/team/04.jpg]
[live.themewild.com/logisto/assets/img/video/01.jpg]
[live.themewild.com/logisto/assets/img/quote/01.jpg]
[live.themewild.com/logisto/assets/img/location/map.svg]
[live.themewild.com/logisto/assets/img/cta/01.jpg]
[live.themewild.com/logisto/assets/img/icon/certified.svg]
[live.themewild.com/logisto/assets/img/choose/01.jpg]
[live.themewild.com/logisto/assets/img/choose/02.jpg]
[live.themewild.com/logisto/assets/img/shape/04.png]
[live.themewild.com/logisto/assets/img/track/01.jpg]
[live.themewild.com/logisto/assets/img/icon/quote.svg]
[live.themewild.com/logisto/assets/img/testimonial/01.jpg]
[live.themewild.com/logisto/assets/img/testimonial/02.jpg]
[live.themewild.com/logisto/assets/img/testimonial/03.jpg]
[live.themewild.com/logisto/assets/img/testimonial/04.jpg]
[live.themewild.com/logisto/assets/img/blog/01.jpg]
[live.themewild.com/logisto/assets/img/blog/02.jpg]
[live.themewild.com/logisto/assets/img/blog/03.jpg]
[live.themewild.com/logisto/assets/img/partner/01.png]
[live.themewild.com/logisto/assets/img/partner/02.png]
[live.themewild.com/logisto/assets/img/partner/03.png]
[live.themewild.com/logisto/assets/img/shape/01.png]
[live.themewild.com/logisto/assets/img/logo/logo-light.png]
[live.themewild.com/cdn-cgi/scripts/5c5dd728/cloudflare-static/email-decode.min.js]
[live.themewild.com/logisto/assets/js/jquery-3.7.1.min.js]
[live.themewild.com/logisto/assets/js/modernizr.min.js]
[live.themewild.com/logisto/assets/js/bootstrap.bundle.min.js]
[live.themewild.com/logisto/assets/js/imagesloaded.pkgd.min.js]
[live.themewild.com/logisto/assets/js/jquery.magnific-popup.min.js]
[live.themewild.com/logisto/assets/js/isotope.pkgd.min.js]
[live.themewild.com/logisto/assets/js/jquery.appear.min.js]
[live.themewild.com/logisto/assets/js/jquery.easing.min.js]
[live.themewild.com/logisto/assets/js/counter-up.js]
[live.themewild.com/logisto/assets/js/jquery.nice-select.min.js]
[live.themewild.com/logisto/assets/js/owl.carousel.min.js]
[live.themewild.com/logisto/assets/js/wow.min.js]
[live.themewild.com/logisto/index.html]
[live.themewild.com/logisto/assets/css/bootstrap.min.css]
[live.themewild.com/logisto/assets/js/main.js]
[live.themewild.com/logisto/assets/fonts/fa-brands-400.woff2]
[live.themewild.com/logisto/assets/fonts/fa-brands-400.ttf]
[live.themewild.com/logisto/assets/fonts/fa-duotone-900.woff2]
[live.themewild.com/logisto/assets/fonts/fa-duotone-900.ttf]
[live.themewild.com/logisto/assets/fonts/fa-light-300.woff2]
[live.themewild.com/logisto/assets/fonts/fa-light-300.ttf]
[live.themewild.com/logisto/assets/fonts/fa-regular-400.woff2]
[live.themewild.com/logisto/assets/fonts/fa-regular-400.ttf]
[live.themewild.com/logisto/assets/fonts/fa-solid-900.woff2]
[live.themewild.com/logisto/assets/fonts/fa-solid-900.ttf]
[live.themewild.com/logisto/assets/fonts/fa-thin-100.woff2]
[live.themewild.com/logisto/assets/fonts/fa-v4compatibility.woff2]
[live.themewild.com/logisto/assets/css/style.css]
[live.themewild.com/logisto/assets/fonts/fa-thin-100.ttf]
[live.themewild.com/logisto/assets/fonts/fa-v4compatibility.ttf]
[live.themewild.com/logisto/assets/fonts/fa-sharp-light-300.woff2]
[live.themewild.com/logisto/assets/fonts/fa-sharp-light-300.ttf]
[live.themewild.com/logisto/assets/fonts/fa-sharp-regular-400.woff2]
[live.themewild.com/logisto/assets/fonts/fa-sharp-regular-400.ttf]
[live.themewild.com/logisto/assets/fonts/fa-sharp-solid-900.woff2]
[live.themewild.com/logisto/assets/css/all-fontawesome.min.css]
[live.themewild.com/logisto/assets/css/animate.min.css]
[live.themewild.com/logisto/assets/css/magnific-popup.min.css]
[live.themewild.com/logisto/assets/fonts/fa-sharp-solid-900.ttf]
[live.themewild.com/logisto/assets/css/owl.video.play.png]
[live.themewild.com/logisto/assets/css/owl.carousel.min.css]
[live.themewild.com/logisto/assets/css/nice-select.min.css]
[live.themewild.com/logisto/assets/img/shape/03.png]
[live.themewild.com/logisto/assets/img/shape/02.png]
[live.themewild.com/logisto/assets/img/shape/05.png]
[live.themewild.com/logisto/assets/css/style.css]
[live.themewild.com/logisto/assets/img/breadcrumb/01.jpg]
[live.themewild.com/logisto/login.html]
[live.themewild.com/logisto/assets/img/service/01.jpg]
[live.themewild.com/logisto/assets/img/service/02.jpg]
[live.themewild.com/logisto/assets/img/service/03.jpg]
[live.themewild.com/logisto/assets/img/service/04.jpg]
[live.themewild.com/logisto/assets/img/service/05.jpg]
[live.themewild.com/logisto/assets/img/gallery/01.jpg]
[live.themewild.com/logisto/assets/img/gallery/02.jpg]
[live.themewild.com/logisto/assets/img/gallery/03.jpg]
[live.themewild.com/logisto/assets/img/gallery/04.jpg]
[live.themewild.com/logisto/assets/img/gallery/05.jpg]
[live.themewild.com/logisto/assets/img/gallery/06.jpg]
[live.themewild.com/logisto/assets/img/gallery/07.jpg]
[live.themewild.com/logisto/assets/img/gallery/08.jpg]
[live.themewild.com/logisto/index-2.html]
[live.themewild.com/logisto/assets/img/hero/01.jpg]
[live.themewild.com/logisto/index-3.html]
[live.themewild.com/logisto/about.html]
[live.themewild.com/logisto/service.html]
[live.themewild.com/logisto/service-2.html]
[live.themewild.com/logisto/assets/img/service/single.jpg]
[live.themewild.com/logisto/service-single.html]
[live.themewild.com/logisto/team.html]
[live.themewild.com/logisto/pricing.html]
[live.themewild.com/logisto/register.html]
[live.themewild.com/logisto/forgot-password.html]
[live.themewild.com/logisto/assets/img/coming-soon/01.jpg]
[live.themewild.com/logisto/coming-soon.html]
[live.themewild.com/logisto/terms.html]
[live.themewild.com/logisto/privacy.html]
[live.themewild.com/logisto/gallery.html]
[live.themewild.com/logisto/assets/js/countdown.min.js]
[live.themewild.com/logisto/assets/img/contact/01.jpg]
[live.themewild.com/logisto/contact.html]
[live.themewild.com/logisto/faq.html]
[live.themewild.com/logisto/testimonial.html]
[live.themewild.com/logisto/assets/js/contact-form.js]
[live.themewild.com/logisto/assets/img/error/404.png]
[live.themewild.com/logisto/404.html]
[live.themewild.com/logisto/portfolio.html]
[live.themewild.com/logisto/assets/img/portfolio/06.jpg]
[live.themewild.com/logisto/portfolio-2.html]
[live.themewild.com/logisto/assets/img/portfolio/single.jpg]
[live.themewild.com/logisto/portfolio-single.html]
[live.themewild.com/logisto/blog.html]
[live.themewild.com/logisto/assets/img/blog/single.jpg]
[live.themewild.com/logisto/assets/img/blog/author.jpg]
[live.themewild.com/logisto/assets/img/blog/com-1.jpg]
[live.themewild.com/logisto/assets/img/blog/com-2.jpg]
[live.themewild.com/logisto/assets/img/blog/com-3.jpg]
[live.themewild.com/logisto/assets/img/blog/bs-1.jpg]
[live.themewild.com/logisto/assets/img/blog/bs-2.jpg]
[live.themewild.com/logisto/assets/img/blog/bs-3.jpg]
[live.themewild.com/logisto/blog-single.html]
[live.themewild.com/logisto/assets/img/icon/delivery.svg]
[live.themewild.com/logisto/assets/img/icon/money.svg]
[live.themewild.com/logisto/assets/img/icon/warehouse.svg]
[live.themewild.com/logisto/assets/img/icon/team.svg]
[live.themewild.com/logisto/assets/img/icon/support.svg]
[live.themewild.com/logisto/assets/img/icon/air.svg]
[live.themewild.com/logisto/assets/img/icon/ocean.svg]
[live.themewild.com/logisto/assets/img/icon/road.svg]
[live.themewild.com/logisto/assets/img/icon/package.svg]
[live.themewild.com/logisto/assets/img/icon/shipping.svg]
[live.themewild.com/logisto/assets/img/icon/supply.svg]
[live.themewild.com/logisto/assets/img/icon/commercial.svg]
[live.themewild.com/logisto/assets/img/icon/pickup.svg]
[live.themewild.com/logisto/assets/img/icon/warehouse-2.svg]
[live.themewild.com/logisto/assets/img/icon/transportation.svg]
[live.themewild.com/logisto/assets/img/icon/rating.svg]
[live.themewild.com/logisto/assets/img/icon/staff.svg]
[live.themewild.com/logisto/assets/img/icon/award.svg]
[live.themewild.com/logisto/assets/img/location/map.svg]
[live.themewild.com/logisto/assets/img/icon/certified.svg]
[live.themewild.com/logisto/assets/img/icon/quote.svg]
[live.themewild.com/logisto/assets/css/owl.video.play.html]
